1: Santa: going to sleep
2: Elf 1: started
3: Elf 2: started
4: Elf 3: started
5: Elf 4: started
6: Elf 5: started
7: RD 1: rstarted
8: RD 2: rstarted
9: RD 3: rstarted
10: RD 4: rstarted
11: Elf 5: need help
12: Elf 2: need help
13: Elf 1: need help
14: Santa: helping elves
15: Elf 5: get help
16: Elf 2: get help
17: Elf 1: get help
18: Santa: going to sleep
19: RD 2: return home
20: Elf 3: need help
21: Elf 2: need help
22: Elf 4: need help
23: Santa: helping elves
24: Elf 3: get help
25: Elf 2: get help
26: Elf 4: get help
27: Santa: going to sleep
28: RD 4: return home
29: Elf 4: need help
30: RD 1: return home
31: RD 3: return home
32: Santa: closing workshop
33: Elf 4: taking holidays
34: RD 2: get hitched
35: RD 4: get hitched
36: RD 1: get hitched
37: RD 3: get hitched
38: Santa: Christmas started
39: Elf 5: need help
40: Elf 5: taking holidays
41: Elf 1: need help
42: Elf 1: taking holidays
43: Elf 2: need help
44: Elf 2: taking holidays
45: Elf 3: need help
46: Elf 3: taking holidays
